Sending build context to Docker daemon  101.9kB
Step 1/11 : FROM ubuntu:jammy
 ---> a8780b506fa4
Step 2/11 : ARG DEBIAN_FRONTEND=noninteractive
 ---> Using cache
 ---> 66ca0100998e
Step 3/11 : RUN echo "===> Installing system dependencies..." &&     BUILD_DEPS="curl unzip" &&     apt-get update && apt-get install --no-install-recommends -y     python3 python3-pip wget bzip2 libpq-dev python3.10-dev libpq-dev python3-dev libxml2-dev libxslt1-dev libldap2-dev libsasl2-dev libffi-dev  python3-psycopg2     fonts-liberation libappindicator3-1 libasound2 libatk-bridge2.0-0     libnspr4 libnss3 lsb-release xdg-utils libxss1 libdbus-glib-1-2 libgbm1     $BUILD_DEPS     xvfb &&             echo "===> Installing geckodriver and firefox..." &&     GECKODRIVER_VERSION=v0.32.0 &&     wget https://github.com/mozilla/geckodriver/releases/download/$GECKODRIVER_VERSION/geckodriver-$GECKODRIVER_VERSION-linux64.tar.gz &&     tar -zxf geckodriver-$GECKODRIVER_VERSION-linux64.tar.gz -C /usr/local/bin &&     chmod +x /usr/local/bin/geckodriver &&     rm geckodriver-$GECKODRIVER_VERSION-linux64.tar.gz &&         FIREFOX_SETUP=firefox-setup.tar.bz2 &&     apt-get purge firefox &&     wget -O $FIREFOX_SETUP "https://download.mozilla.org/?product=firefox-latest&os=linux64" &&     tar xjf $FIREFOX_SETUP -C /opt/ &&     ln -s /opt/firefox/firefox /usr/bin/firefox &&     rm $FIREFOX_SETUP &&     echo "===> Installing python dependencies..." &&     pip3 install selenium==3.141.0 pyvirtualdisplay==2.2 &&             echo "===> Remove build dependencies..." &&     apt-get remove -y $BUILD_DEPS && rm -rf /var/lib/apt/lists/*
 ---> Using cache
 ---> 751f0427c03a
Step 4/11 : ENV LANG C.UTF-8
 ---> Using cache
 ---> e4422e09ba13
Step 5/11 : ENV LC_ALL C.UTF-8
 ---> Using cache
 ---> 83e563929754
Step 6/11 : ENV PYTHONUNBUFFERED=1
 ---> Using cache
 ---> 704b34f6ebdc
Step 7/11 : ENV APP_HOME /usr/src/app
 ---> Using cache
 ---> 7363d9db1994
Step 8/11 : WORKDIR /$APP_HOME
 ---> Using cache
 ---> 957d9aba4548
Step 9/11 : COPY . $APP_HOME/
 ---> d2a4ea3ac122
Step 10/11 : RUN pip3 install -r requirements.txt
 ---> Running in 2f0446b2e46c
Collecting selenium==4.5.0
  Downloading selenium-4.5.0-py3-none-any.whl (995 kB)
     â”â”â”â”â”â”â”â”â”â”â”â”â”â”â”â”â”â”â”â”â”â”â”â”â”â”â”â”â”â”â”â”â”â”â”â”â”â” 995.2/995.2 KB 25.4 MB/s eta 0:00:00
Collecting PyYAML==6.0
  Downloading PyYAML-6.0-cp310-cp310-manylinux_2_5_x86_64.manylinux1_x86_64.manylinux_2_12_x86_64.manylinux2010_x86_64.whl (682 kB)
     â”â”â”â”â”â”â”â”â”â”â”â”â”â”â”â”â”â”â”â”â”â”â”â”â”â”â”â”â”â”â”â”â”â”â”â”â”â” 682.2/682.2 KB 46.3 MB/s eta 0:00:00
Collecting webdriver-manager==3.8.3
  Downloading webdriver_manager-3.8.3-py2.py3-none-any.whl (26 kB)
Collecting bs4
  Downloading bs4-0.0.1.tar.gz (1.1 kB)
  Preparing metadata (setup.py): started
  Preparing metadata (setup.py): finished with status 'done'
Collecting html5lib
  Downloading html5lib-1.1-py2.py3-none-any.whl (112 kB)
     â”â”â”â”â”â”â”â”â”â”â”â”â”â”â”â”â”â”â”â”â”â”â”â”â”â”â”â”â”â”â”â”â”â”â”â”â”â” 112.2/112.2 KB 18.7 MB/s eta 0:00:00
Requirement already satisfied: psycopg2 in /usr/lib/python3/dist-packages (from -r requirements.txt (line 6)) (2.9.2)
Collecting trio~=0.17
  Downloading trio-0.22.0-py3-none-any.whl (384 kB)
     â”â”â”â”â”â”â”â”â”â”â”â”â”â”â”â”â”â”â”â”â”â”â”â”â”â”â”â”â”â”â”â”â”â”â”â”â”â” 384.9/384.9 KB 42.4 MB/s eta 0:00:00
Collecting certifi>=2021.10.8
  Downloading certifi-2022.9.24-py3-none-any.whl (161 kB)
     â”â”â”â”â”â”â”â”â”â”â”â”â”â”â”â”â”â”â”â”â”â”â”â”â”â”â”â”â”â”â”â”â”â”â”â”â”â” 161.1/161.1 KB 26.2 MB/s eta 0:00:00
Requirement already satisfied: urllib3[socks]~=1.26 in /usr/local/lib/python3.10/dist-packages (from selenium==4.5.0->-r requirements.txt (line 1)) (1.26.12)
Collecting trio-websocket~=0.9
  Downloading trio_websocket-0.9.2-py3-none-any.whl (16 kB)
Collecting python-dotenv
  Downloading python_dotenv-0.21.0-py3-none-any.whl (18 kB)
Collecting tqdm
  Downloading tqdm-4.64.1-py2.py3-none-any.whl (78 kB)
     â”â”â”â”â”â”â”â”â”â”â”â”â”â”â”â”â”â”â”â”â”â”â”â”â”â”â”â”â”â”â”â”â”â”â”â”â”â”â”â” 78.5/78.5 KB 13.2 MB/s eta 0:00:00
Collecting requests
  Downloading requests-2.28.1-py3-none-any.whl (62 kB)
     â”â”â”â”â”â”â”â”â”â”â”â”â”â”â”â”â”â”â”â”â”â”â”â”â”â”â”â”â”â”â”â”â”â”â”â”â”â”â”â” 62.8/62.8 KB 10.1 MB/s eta 0:00:00
Collecting beautifulsoup4
  Downloading beautifulsoup4-4.11.1-py3-none-any.whl (128 kB)
     â”â”â”â”â”â”â”â”â”â”â”â”â”â”â”â”â”â”â”â”â”â”â”â”â”â”â”â”â”â”â”â”â”â”â”â”â”â” 128.2/128.2 KB 20.4 MB/s eta 0:00:00
Collecting six>=1.9
  Downloading six-1.16.0-py2.py3-none-any.whl (11 kB)
Collecting webencodings
  Downloading webencodings-0.5.1-py2.py3-none-any.whl (11 kB)
Collecting sortedcontainers
  Downloading sortedcontainers-2.4.0-py2.py3-none-any.whl (29 kB)
Collecting sniffio
  Downloading sniffio-1.3.0-py3-none-any.whl (10 kB)
Collecting exceptiongroup>=1.0.0rc9
  Downloading exceptiongroup-1.0.4-py3-none-any.whl (14 kB)
Collecting async-generator>=1.9
  Downloading async_generator-1.10-py3-none-any.whl (18 kB)
Collecting outcome
  Downloading outcome-1.2.0-py2.py3-none-any.whl (9.7 kB)
Collecting attrs>=19.2.0
  Downloading attrs-22.1.0-py2.py3-none-any.whl (58 kB)
     â”â”â”â”â”â”â”â”â”â”â”â”â”â”â”â”â”â”â”â”â”â”â”â”â”â”â”â”â”â”â”â”â”â”â”â”â”â”â”â” 58.8/58.8 KB 10.8 MB/s eta 0:00:00
Collecting idna
  Downloading idna-3.4-py3-none-any.whl (61 kB)
     â”â”â”â”â”â”â”â”â”â”â”â”â”â”â”â”â”â”â”â”â”â”â”â”â”â”â”â”â”â”â”â”â”â”â”â”â”â”â”â” 61.5/61.5 KB 10.8 MB/s eta 0:00:00
Collecting wsproto>=0.14
  Downloading wsproto-1.2.0-py3-none-any.whl (24 kB)
Collecting PySocks!=1.5.7,<2.0,>=1.5.6
  Downloading PySocks-1.7.1-py3-none-any.whl (16 kB)
Collecting soupsieve>1.2
  Downloading soupsieve-2.3.2.post1-py3-none-any.whl (37 kB)
Collecting charset-normalizer<3,>=2
  Downloading charset_normalizer-2.1.1-py3-none-any.whl (39 kB)
Collecting h11<1,>=0.9.0
  Downloading h11-0.14.0-py3-none-any.whl (58 kB)
     â”â”â”â”â”â”â”â”â”â”â”â”â”â”â”â”â”â”â”â”â”â”â”â”â”â”â”â”â”â”â”â”â”â”â”â”â”â”â”â” 58.3/58.3 KB 8.7 MB/s eta 0:00:00
Building wheels for collected packages: bs4
  Building wheel for bs4 (setup.py): started
  Building wheel for bs4 (setup.py): finished with status 'done'
  Created wheel for bs4: filename=bs4-0.0.1-py3-none-any.whl size=1272 sha256=c50f86ccb5c152ae2e9e1b0760f4d64868fc60c77d21ec6c2e8cb6f21cb3d38c
  Stored in directory: /root/.cache/pip/wheels/25/42/45/b773edc52acb16cd2db4cf1a0b47117e2f69bb4eb300ed0e70
Successfully built bs4
Installing collected packages: webencodings, sortedcontainers, tqdm, soupsieve, sniffio, six, PyYAML, python-dotenv, PySocks, idna, h11, exceptiongroup, charset-normalizer, certifi, attrs, async-generator, wsproto, requests, outcome, html5lib, beautifulsoup4, webdriver-manager, trio, bs4, trio-websocket, selenium
  Attempting uninstall: selenium
    Found existing installation: selenium 3.141.0
    Uninstalling selenium-3.141.0:
      Successfully uninstalled selenium-3.141.0
Successfully installed PySocks-1.7.1 PyYAML-6.0 async-generator-1.10 attrs-22.1.0 beautifulsoup4-4.11.1 bs4-0.0.1 certifi-2022.9.24 charset-normalizer-2.1.1 exceptiongroup-1.0.4 h11-0.14.0 html5lib-1.1 idna-3.4 outcome-1.2.0 python-dotenv-0.21.0 requests-2.28.1 selenium-4.5.0 six-1.16.0 sniffio-1.3.0 sortedcontainers-2.4.0 soupsieve-2.3.2.post1 tqdm-4.64.1 trio-0.22.0 trio-websocket-0.9.2 webdriver-manager-3.8.3 webencodings-0.5.1 wsproto-1.2.0
[91mWARNING: Running pip as the 'root' user can result in broken permissions and conflicting behaviour with the system package manager. It is recommended to use a virtual environment instead: https://pip.pypa.io/warnings/venv
[0mRemoving intermediate container 2f0446b2e46c
 ---> 1af2dff6b5bd
Step 11/11 : CMD python3 main.py
 ---> Running in bb83b70d4dcd
Removing intermediate container bb83b70d4dcd
 ---> 0b2eecadd9fd
Successfully built 0b2eecadd9fd
Successfully tagged selenium:v1
